TN:
SF:src\utils.js
FN:3,log
FNF:1
FNH:1
FNDA:1,log
DA:1,1
DA:2,1
DA:3,1
DA:4,1
DA:5,1
DA:6,1
DA:7,1
DA:8,1
LF:8
LH:8
BRDA:3,0,0,1
BRF:1
BRH:1
end_of_record
TN:
SF:src\streamComponents\csvtondjson.js
FN:9,<instance_members_initializer>
FN:13,CSVToNDJSON
FN:20,#updateBuffer
FN:60,_transform
FN:69,_final
FNF:5
FNH:5
FNDA:3,<instance_members_initializer>
FNDA:3,CSVToNDJSON
FNDA:5,#updateBuffer
FNDA:3,_transform
FNDA:3,_final
DA:1,1
DA:2,1
DA:3,1
DA:4,1
DA:5,1
DA:6,1
DA:7,1
DA:8,1
DA:9,1
DA:10,3
DA:11,1
DA:12,1
DA:13,1
DA:14,3
DA:15,3
DA:16,3
DA:17,3
DA:18,3
DA:19,1
DA:20,1
DA:21,5
DA:22,5
DA:23,5
DA:24,5
DA:25,5
DA:26,5
DA:27,5
DA:28,5
DA:29,5
DA:30,14
DA:31,14
DA:32,9
DA:33,9
DA:34,9
DA:35,9
DA:36,9
DA:37,9
DA:38,9
DA:39,9
DA:40,9
DA:41,9
DA:42,14
DA:43,7
DA:44,7
DA:45,14
DA:46,15
DA:47,15
DA:48,15
DA:49,12
DA:50,12
DA:51,14
DA:52,4
DA:53,4
DA:54,4
DA:55,4
DA:56,4
DA:57,4
DA:58,5
DA:59,1
DA:60,1
DA:61,3
DA:62,2
DA:63,2
DA:64,3
DA:65,3
DA:66,1
DA:67,1
DA:68,1
DA:69,1
DA:70,3
DA:71,2
DA:72,2
DA:73,2
DA:74,2
DA:75,2
DA:76,1
LF:76
LH:76
BRDA:9,0,0,3
BRDA:13,1,0,3
BRDA:20,2,0,5
BRDA:29,3,0,14
BRDA:31,4,0,5
BRDA:31,5,0,9
BRDA:42,6,0,2
BRDA:42,7,0,7
BRDA:45,8,0,15
BRDA:48,9,0,3
BRDA:48,10,0,12
BRDA:50,11,0,7
BRDA:51,12,0,3
BRDA:51,13,0,4
BRDA:60,14,0,3
BRDA:61,15,0,2
BRDA:69,16,0,3
BRDA:70,17,0,1
BRDA:70,18,0,2
BRF:19
BRH:19
end_of_record
TN:
SF:src\streamComponents\reporter.js
FN:5,<instance_members_initializer>
FN:6,Reporter
FN:10,progress
FNF:3
FNH:3
FNDA:1,<instance_members_initializer>
FNDA:1,Reporter
FNDA:1,progress
DA:1,1
DA:2,1
DA:3,1
DA:4,1
DA:5,1
DA:6,1
DA:7,1
DA:8,1
DA:9,1
DA:10,1
DA:11,1
DA:12,1
DA:13,1
DA:14,1
LF:14
LH:14
BRDA:5,0,0,1
BRDA:6,1,0,1
BRDA:10,2,0,1
BRF:3
BRH:3
end_of_record
